# JRE version: OpenJDK Runtime Environment Corretto-11.0.15.9.1 (11.0.15+9) (build 11.0.15+9-LTS)
# Java VM: OpenJDK 64-Bit Server VM Corretto-11.0.15.9.1 (11.0.15+9-LTS, mixed mode, tiered, compressed oops, g1 gc, linux-amd64)
Heap:
 garbage-first heap   total 256000K, used 140680K [0x00000000a0000000, 0x0000000100000000)
  region size 1024K, 130 young (133120K), 9 survivors (9216K)
 Metaspace       used 78635K, capacity 83828K, committed 83840K, reserved 1118208K
  class space    used 11845K, capacity 14709K, committed 14720K, reserved 1048576K
GC Heap History (12 events):
Event: 0,328 GC heap before
{Heap before GC invocations=0 (full 0):
 garbage-first heap   total 256000K, used 21504K [0x00000000a0000000, 0x0000000100000000)
  region size 1024K, 22 young (22528K), 0 survivors (0K)
 Metaspace       used 12724K, capacity 13232K, committed 13440K, reserved 1060864K
  class space    used 1226K, capacity 1343K, committed 1408K, reserved 1048576K
}
Event: 0,335 GC heap after
{Heap after GC invocations=1 (full 0):
 garbage-first heap   total 256000K, used 3692K [0x00000000a0000000, 0x0000000100000000)
  region size 1024K, 3 young (3072K), 3 survivors (3072K)
 Metaspace       used 12724K, capacity 13232K, committed 13440K, reserved 1060864K
  class space    used 1226K, capacity 1343K, committed 1408K, reserved 1048576K
}
Event: 0,509 GC heap before
{Heap before GC invocations=1 (full 0):
 garbage-first heap   total 256000K, used 27244K [0x00000000a0000000, 0x0000000100000000)
  region size 1024K, 28 young (28672K), 3 survivors (3072K)
 Metaspace       used 20065K, capacity 20747K, committed 21248K, reserved 1069056K
  class space    used 2136K, capacity 2296K, committed 2304K, reserved 1048576K
}
Event: 0,511 GC heap after
{Heap after GC invocations=2 (full 0):
 garbage-first heap   total 256000K, used 5222K [0x00000000a0000000, 0x0000000100000000)
  region size 1024K, 5 young (5120K), 5 survivors (5120K)
 Metaspace       used 20065K, capacity 20747K, committed 21248K, reserved 1069056K
  class space    used 2136K, capacity 2296K, committed 2304K, reserved 1048576K
}
Event: 0,662 GC heap before
{Heap before GC invocations=3 (full 0):
 garbage-first heap   total 256000K, used 44134K [0x00000000a0000000, 0x0000000100000000)
  region size 1024K, 43 young (44032K), 5 survivors (5120K)
 Metaspace       used 31178K, capacity 32394K, committed 32640K, reserved 1077248K
  class space    used 3749K, capacity 4216K, committed 4224K, reserved 1048576K
}
Event: 0,666 GC heap after
{Heap after GC invocations=4 (full 0):
 garbage-first heap   total 256000K, used 10459K [0x00000000a0000000, 0x0000000100000000)
  region size 1024K, 6 young (6144K), 6 survivors (6144K)
 Metaspace       used 31178K, capacity 32394K, committed 32640K, reserved 1077248K
  class space    used 3749K, capacity 4216K, committed 4224K, reserved 1048576K
}
Event: 0,703 GC heap before
{Heap before GC invocations=4 (full 0):
 garbage-first heap   total 256000K, used 22747K [0x00000000a0000000, 0x0000000100000000)
  region size 1024K, 19 young (19456K), 6 survivors (6144K)
 Metaspace       used 34242K, capacity 35477K, committed 35584K, reserved 1081344K
  class space    used 4146K, capacity 4599K, committed 4608K, reserved 1048576K
}
Event: 0,705 GC heap after
{Heap after GC invocations=5 (full 0):
 garbage-first heap   total 256000K, used 10538K [0x00000000a0000000, 0x0000000100000000)
  region size 1024K, 5 young (5120K), 5 survivors (5120K)
 Metaspace       used 34242K, capacity 35477K, committed 35584K, reserved 1081344K
  class space    used 4146K, capacity 4599K, committed 4608K, reserved 1048576K
}
Event: 1,015 GC heap before
{Heap before GC invocations=6 (full 0):
 garbage-first heap   total 256000K, used 92458K [0x00000000a0000000, 0x0000000100000000)
  region size 1024K, 85 young (87040K), 5 survivors (5120K)
 Metaspace       used 54328K, capacity 57044K, committed 57344K, reserved 1097728K
  class space    used 7597K, capacity 9160K, committed 9216K, reserved 1048576K
}
Event: 1,028 GC heap after
{Heap after GC invocations=7 (full 0):
 garbage-first heap   total 256000K, used 16978K [0x00000000a0000000, 0x0000000100000000)
  region size 1024K, 11 young (11264K), 11 survivors (11264K)
 Metaspace       used 54328K, capacity 57044K, committed 57344K, reserved 1097728K
  class space    used 7597K, capacity 9160K, committed 9216K, reserved 1048576K
}
Event: 1,074 GC heap before
{Heap before GC invocations=7 (full 0):
 garbage-first heap   total 256000K, used 29266K [0x00000000a0000000, 0x0000000100000000)
  region size 1024K, 24 young (24576K), 11 survivors (11264K)
 Metaspace       used 56628K, capacity 59503K, committed 59520K, reserved 1099776K
  class space    used 7892K, capacity 9472K, committed 9472K, reserved 1048576K
}
Event: 1,080 GC heap after
{Heap after GC invocations=8 (full 0):
 garbage-first heap   total 256000K, used 18824K [0x00000000a0000000, 0x0000000100000000)
  region size 1024K, 9 young (9216K), 9 survivors (9216K)
 Metaspace       used 56628K, capacity 59503K, committed 59520K, reserved 1099776K
  class space    used 7892K, capacity 9472K, committed 9472K, reserved 1048576K
}

